[
  {
    "line": 1,
    "elements": [
      {
        "line": 3,
        "name": "As a human being, I should be able to sleep in, and receive the same opportunities as those \"morning people\"",
        "description": "",
        "id": "sleep-in-and-resume-still-updates;as-a-human-being--i-should-be-able-to-sleep-in--and-receive-the-same-opportunities-as-those-\"morning-people\"",
        "type": "scenario",
        "keyword": "Scenario",
        "steps": [
          {
            "result": {
              "duration": 12024413869,
              "status": "passed"
            },
            "line": 4,
            "name": "the user is on Dice.com",
            "match": {
              "location": "SleepInStepDef.the_user_is_on_Dice_com()"
            },
            "keyword": "Given "
          },
          {
            "result": {
              "duration": 4312756511,
              "status": "passed"
            },
            "line": 5,
            "name": "they log in",
            "match": {
              "location": "SleepInStepDef.they_log_in()"
            },
            "keyword": "And "
          },
          {
            "result": {
              "duration": 2904994263,
              "status": "passed"
            },
            "line": 6,
            "name": "go to the profile page",
            "match": {
              "location": "SleepInStepDef.go_to_the_profile_page()"
            },
            "keyword": "And "
          },
          {
            "result": {
              "error_message": "org.openqa.selenium.NoSuchElementException: no such window: target window already closed\nfrom unknown error: web view not found\n  (Session info: chrome\u003d66.0.3359.181)\n  (Driver info: chromedriver\u003d2.38.552522 (437e6fbedfa8762dec75e2c5b3ddb86763dc9dcb),platform\u003dWindows NT 10.0.17134 x86_64) (WARNING: The server did not provide any stacktrace information)\nCommand duration or timeout: 0 milliseconds\nBuild info: version: \u00273.11.0\u0027, revision: \u0027e59cfb3\u0027, time: \u00272018-03-11T20:26:55.152Z\u0027\nSystem info: host: \u0027DESKTOP-DKHP1QL\u0027, ip: \u0027192.168.56.2\u0027, os.name: \u0027Windows 10\u0027, os.arch: \u0027amd64\u0027, os.version: \u002710.0\u0027, java.version: \u00271.8.0_172\u0027\nDriver info: org.openqa.selenium.remote.RemoteWebDriver\nCapabilities {acceptInsecureCerts: false, acceptSslCerts: false, applicationCacheEnabled: false, browserConnectionEnabled: false, browserName: chrome, chrome: {chromedriverVersion: 2.38.552522 (437e6fbedfa876..., userDataDir: C:\\Users\\Dell_J\\AppData\\Loc...}, cssSelectorsEnabled: true, databaseEnabled: false, handlesAlerts: true, hasTouchScreen: false, javascriptEnabled: true, locationContextEnabled: true, mobileEmulationEnabled: false, nativeEvents: true, networkConnectionEnabled: false, pageLoadStrategy: normal, platform: XP, platformName: XP, rotatable: false, setWindowRect: true, takesHeapSnapshot: true, takesScreenshot: true, unexpectedAlertBehaviour: , unhandledPromptBehavior: , version: 66.0.3359.181, webStorageEnabled: true}\nSession ID: ab54872eb357c84dc1d7a9c339cefa67\n*** Element info: {Using\u003did, value\u003dupdateResumeLink}\r\n\tat net.serenitybdd.core.pages.WebElementFacadeImpl.throwNoSuchElementExceptionWithCauseIfPresent(WebElementFacadeImpl.java:888)\r\n\tat net.serenitybdd.core.pages.WebElementFacadeImpl.checkPresenceOfWebElement(WebElementFacadeImpl.java:861)\r\n\tat net.serenitybdd.core.pages.WebElementFacadeImpl.waitUntilVisible(WebElementFacadeImpl.java:868)\r\n\tat sun.reflect.NativeMethodAccessorImpl.invoke0(Native Method)\r\n\tat sun.reflect.NativeMethodAccessorImpl.invoke(NativeMethodAccessorImpl.java:62)\r\n\tat sun.reflect.DelegatingMethodAccessorImpl.invoke(DelegatingMethodAccessorImpl.java:43)\r\n\tat java.lang.reflect.Method.invoke(Method.java:498)\r\n\tat net.thucydides.core.annotations.locators.AbstractSingleItemHandler.invoke(AbstractSingleItemHandler.java:45)\r\n\tat com.sun.proxy.$Proxy25.waitUntilVisible(Unknown Source)\r\n\tat com.dice.serenitysteps.SleepInSerenitySteps.upload(SleepInSerenitySteps.java:45)\r\n\tat com.dice.serenitysteps.SleepInSerenitySteps$$EnhancerByCGLIB$$e5f79e48.CGLIB$upload$0(\u003cgenerated\u003e)\r\n\tat com.dice.serenitysteps.SleepInSerenitySteps$$EnhancerByCGLIB$$e5f79e48$$FastClassByCGLIB$$536e3feb.invoke(\u003cgenerated\u003e)\r\n\tat net.sf.cglib.proxy.MethodProxy.invokeSuper(MethodProxy.java:228)\r\n\tat net.thucydides.core.steps.StepInterceptor.invokeMethod(StepInterceptor.java:449)\r\n\tat net.thucydides.core.steps.StepInterceptor.executeTestStepMethod(StepInterceptor.java:434)\r\n\tat net.thucydides.core.steps.StepInterceptor.runTestStep(StepInterceptor.java:409)\r\n\tat net.thucydides.core.steps.StepInterceptor.runOrSkipMethod(StepInterceptor.java:150)\r\n\tat net.thucydides.core.steps.StepInterceptor.testStepResult(StepInterceptor.java:137)\r\n\tat net.thucydides.core.steps.StepInterceptor.intercept(StepInterceptor.java:68)\r\n\tat com.dice.serenitysteps.SleepInSerenitySteps$$EnhancerByCGLIB$$e5f79e48.upload(\u003cgenerated\u003e)\r\n\tat com.dice.stepdefs.SleepInStepDef.the_resume_should_be_updated_while_I_m_sound_asleep(SleepInStepDef.java:35)\r\n\tat âœ½.the resume should be updated while I\u0027m sound asleep(src/test/resources/features/SleepInAndStillUpdateResume.feature:7)\r\nCaused by: org.openqa.selenium.NoSuchWindowException: no such window: target window already closed\nfrom unknown error: web view not found\n  (Session info: chrome\u003d66.0.3359.181)\n  (Driver info: chromedriver\u003d2.38.552522 (437e6fbedfa8762dec75e2c5b3ddb86763dc9dcb),platform\u003dWindows NT 10.0.17134 x86_64) (WARNING: The server did not provide any stacktrace information)\nCommand duration or timeout: 0 milliseconds\nBuild info: version: \u00273.11.0\u0027, revision: \u0027e59cfb3\u0027, time: \u00272018-03-11T20:26:55.152Z\u0027\nSystem info: host: \u0027DESKTOP-DKHP1QL\u0027, ip: \u0027192.168.56.2\u0027, os.name: \u0027Windows 10\u0027, os.arch: \u0027amd64\u0027, os.version: \u002710.0\u0027, java.version: \u00271.8.0_172\u0027\nDriver info: org.openqa.selenium.remote.RemoteWebDriver\nCapabilities {acceptInsecureCerts: false, acceptSslCerts: false, applicationCacheEnabled: false, browserConnectionEnabled: false, browserName: chrome, chrome: {chromedriverVersion: 2.38.552522 (437e6fbedfa876..., userDataDir: C:\\Users\\Dell_J\\AppData\\Loc...}, cssSelectorsEnabled: true, databaseEnabled: false, handlesAlerts: true, hasTouchScreen: false, javascriptEnabled: true, locationContextEnabled: true, mobileEmulationEnabled: false, nativeEvents: true, networkConnectionEnabled: false, pageLoadStrategy: normal, platform: XP, platformName: XP, rotatable: false, setWindowRect: true, takesHeapSnapshot: true, takesScreenshot: true, unexpectedAlertBehaviour: , unhandledPromptBehavior: , version: 66.0.3359.181, webStorageEnabled: true}\nSession ID: ab54872eb357c84dc1d7a9c339cefa67\n*** Element info: {Using\u003did, value\u003dupdateResumeLink}\r\n\tat sun.reflect.NativeConstructorAccessorImpl.newInstance0(Native Method)\r\n\tat sun.reflect.NativeConstructorAccessorImpl.newInstance(NativeConstructorAccessorImpl.java:62)\r\n\tat sun.reflect.DelegatingConstructorAccessorImpl.newInstance(DelegatingConstructorAccessorImpl.java:45)\r\n\tat java.lang.reflect.Constructor.newInstance(Constructor.java:423)\r\n\tat org.openqa.selenium.remote.ErrorHandler.createThrowable(ErrorHandler.java:214)\r\n\tat org.openqa.selenium.remote.ErrorHandler.throwIfResponseFailed(ErrorHandler.java:166)\r\n\tat org.openqa.selenium.remote.http.JsonHttpResponseCodec.reconstructValue(JsonHttpResponseCodec.java:40)\r\n\tat org.openqa.selenium.remote.http.AbstractHttpResponseCodec.decode(AbstractHttpResponseCodec.java:80)\r\n\tat org.openqa.selenium.remote.http.AbstractHttpResponseCodec.decode(AbstractHttpResponseCodec.java:44)\r\n\tat org.openqa.selenium.remote.HttpCommandExecutor.execute(HttpCommandExecutor.java:158)\r\n\tat org.openqa.selenium.remote.RemoteWebDriver.execute(RemoteWebDriver.java:545)\r\n\tat org.openqa.selenium.remote.RemoteWebDriver.findElement(RemoteWebDriver.java:319)\r\n\tat org.openqa.selenium.remote.RemoteWebDriver.findElementById(RemoteWebDriver.java:365)\r\n\tat org.openqa.selenium.By$ById.findElement(By.java:218)\r\n\tat org.openqa.selenium.remote.RemoteWebDriver.findElement(RemoteWebDriver.java:311)\r\n\tat net.thucydides.core.webdriver.WebDriverFacade.findElement(WebDriverFacade.java:231)\r\n\tat net.thucydides.core.annotations.locators.SmartAjaxElementLocator.findElementImmediately(SmartAjaxElementLocator.java:146)\r\n\tat net.thucydides.core.annotations.locators.SmartAjaxElementLocator.findElement(SmartAjaxElementLocator.java:123)\r\n\tat net.serenitybdd.core.pages.WebElementResolverByElementLocator.resolveForDriver(WebElementResolverByElementLocator.java:27)\r\n\tat net.serenitybdd.core.pages.WebElementFacadeImpl.getElement(WebElementFacadeImpl.java:208)\r\n\tat net.serenitybdd.core.pages.WebElementFacadeImpl.isVisible(WebElementFacadeImpl.java:388)\r\n\tat net.serenitybdd.core.pages.WebElementFacadeImpl.isCurrentlyVisible(WebElementFacadeImpl.java:424)\r\n\tat net.serenitybdd.core.pages.WebElementExpectations$1.apply(WebElementExpectations.java:23)\r\n\tat net.serenitybdd.core.pages.WebElementExpectations$1.apply(WebElementExpectations.java:15)\r\n\tat org.openqa.selenium.support.ui.FluentWait.until(FluentWait.java:248)\r\n\tat net.serenitybdd.core.pages.WebElementFacadeImpl.checkPresenceOfWebElement(WebElementFacadeImpl.java:855)\r\n\tat net.serenitybdd.core.pages.WebElementFacadeImpl.waitUntilVisible(WebElementFacadeImpl.java:868)\r\n\tat sun.reflect.NativeMethodAccessorImpl.invoke0(Native Method)\r\n\tat sun.reflect.NativeMethodAccessorImpl.invoke(NativeMethodAccessorImpl.java:62)\r\n\tat sun.reflect.DelegatingMethodAccessorImpl.invoke(DelegatingMethodAccessorImpl.java:43)\r\n\tat java.lang.reflect.Method.invoke(Method.java:498)\r\n\tat net.thucydides.core.annotations.locators.AbstractSingleItemHandler.invoke(AbstractSingleItemHandler.java:45)\r\n\tat com.sun.proxy.$Proxy25.waitUntilVisible(Unknown Source)\r\n\tat com.dice.serenitysteps.SleepInSerenitySteps.upload(SleepInSerenitySteps.java:45)\r\n\tat com.dice.serenitysteps.SleepInSerenitySteps$$EnhancerByCGLIB$$e5f79e48.CGLIB$upload$0(\u003cgenerated\u003e)\r\n\tat com.dice.serenitysteps.SleepInSerenitySteps$$EnhancerByCGLIB$$e5f79e48$$FastClassByCGLIB$$536e3feb.invoke(\u003cgenerated\u003e)\r\n\tat net.sf.cglib.proxy.MethodProxy.invokeSuper(MethodProxy.java:228)\r\n\tat net.thucydides.core.steps.StepInterceptor.invokeMethod(StepInterceptor.java:449)\r\n\tat net.thucydides.core.steps.StepInterceptor.executeTestStepMethod(StepInterceptor.java:434)\r\n\tat net.thucydides.core.steps.StepInterceptor.runTestStep(StepInterceptor.java:409)\r\n\tat net.thucydides.core.steps.StepInterceptor.runOrSkipMethod(StepInterceptor.java:150)\r\n\tat net.thucydides.core.steps.StepInterceptor.testStepResult(StepInterceptor.java:137)\r\n\tat net.thucydides.core.steps.StepInterceptor.intercept(StepInterceptor.java:68)\r\n\tat com.dice.serenitysteps.SleepInSerenitySteps$$EnhancerByCGLIB$$e5f79e48.upload(\u003cgenerated\u003e)\r\n\tat com.dice.stepdefs.SleepInStepDef.the_resume_should_be_updated_while_I_m_sound_asleep(SleepInStepDef.java:35)\r\n\tat sun.reflect.NativeMethodAccessorImpl.invoke0(Native Method)\r\n\tat sun.reflect.NativeMethodAccessorImpl.invoke(NativeMethodAccessorImpl.java:62)\r\n\tat sun.reflect.DelegatingMethodAccessorImpl.invoke(DelegatingMethodAccessorImpl.java:43)\r\n\tat java.lang.reflect.Method.invoke(Method.java:498)\r\n\tat cucumber.runtime.Utils$1.call(Utils.java:32)\r\n\tat cucumber.runtime.Timeout.timeout(Timeout.java:16)\r\n\tat cucumber.runtime.Utils.invoke(Utils.java:26)\r\n\tat cucumber.runtime.java.JavaStepDefinition.execute(JavaStepDefinition.java:37)\r\n\tat cucumber.runtime.StepDefinitionMatch.runStep(StepDefinitionMatch.java:40)\r\n\tat cucumber.api.TestStep.executeStep(TestStep.java:102)\r\n\tat cucumber.api.TestStep.run(TestStep.java:83)\r\n\tat cucumber.api.TestCase.run(TestCase.java:58)\r\n\tat cucumber.runner.Runner.runPickle(Runner.java:80)\r\n\tat cucumber.runtime.junit.PickleRunners$NoStepDescriptions.run(PickleRunners.java:140)\r\n\tat cucumber.runtime.junit.FeatureRunner.runChild(FeatureRunner.java:68)\r\n\tat cucumber.runtime.junit.FeatureRunner.runChild(FeatureRunner.java:23)\r\n\tat org.junit.runners.ParentRunner$3.run(ParentRunner.java:290)\r\n\tat org.junit.runners.ParentRunner$1.schedule(ParentRunner.java:71)\r\n\tat org.junit.runners.ParentRunner.runChildren(ParentRunner.java:288)\r\n\tat org.junit.runners.ParentRunner.access$000(ParentRunner.java:58)\r\n\tat org.junit.runners.ParentRunner$2.evaluate(ParentRunner.java:268)\r\n\tat org.junit.runners.ParentRunner.run(ParentRunner.java:363)\r\n\tat cucumber.runtime.junit.FeatureRunner.run(FeatureRunner.java:73)\r\n\tat cucumber.api.junit.Cucumber.runChild(Cucumber.java:117)\r\n\tat cucumber.api.junit.Cucumber.runChild(Cucumber.java:55)\r\n\tat org.junit.runners.ParentRunner$3.run(ParentRunner.java:290)\r\n\tat org.junit.runners.ParentRunner$1.schedule(ParentRunner.java:71)\r\n\tat org.junit.runners.ParentRunner.runChildren(ParentRunner.java:288)\r\n\tat org.junit.runners.ParentRunner.access$000(ParentRunner.java:58)\r\n\tat org.junit.runners.ParentRunner$2.evaluate(ParentRunner.java:268)\r\n\tat cucumber.api.junit.Cucumber$1.evaluate(Cucumber.java:126)\r\n\tat org.junit.runners.ParentRunner.run(ParentRunner.java:363)\r\n\tat org.apache.maven.surefire.junit4.JUnit4Provider.execute(JUnit4Provider.java:283)\r\n\tat org.apache.maven.surefire.junit4.JUnit4Provider.executeWithRerun(JUnit4Provider.java:173)\r\n\tat org.apache.maven.surefire.junit4.JUnit4Provider.executeTestSet(JUnit4Provider.java:153)\r\n\tat org.apache.maven.surefire.junit4.JUnit4Provider.invoke(JUnit4Provider.java:128)\r\n\tat org.apache.maven.surefire.booter.ForkedBooter.invokeProviderInSameClassLoader(ForkedBooter.java:203)\r\n\tat org.apache.maven.surefire.booter.ForkedBooter.runSuitesInProcess(ForkedBooter.java:155)\r\n\tat org.apache.maven.surefire.booter.ForkedBooter.main(ForkedBooter.java:103)\r\n",
              "duration": 64056899,
              "status": "failed"
            },
            "line": 7,
            "name": "the resume should be updated while I\u0027m sound asleep",
            "match": {
              "location": "SleepInStepDef.the_resume_should_be_updated_while_I_m_sound_asleep()"
            },
            "keyword": "Then "
          }
        ],
        "tags": [
          {
            "name": "@dice"
          }
        ]
      }
    ],
    "name": "Sleep in and resume still updates",
    "description": "",
    "id": "sleep-in-and-resume-still-updates",
    "keyword": "Feature",
    "uri": "src/test/resources/features/SleepInAndStillUpdateResume.feature",
    "tags": []
  }
]